Copyright 1986-2019 Xilinx, Inc. All Rights Reserved.
----------------------------------------------------------------------------------------------------------------------------------------------------
| Tool Version     : Vivado v.2019.1 (lin64) Build 2552052 Fri May 24 14:47:09 MDT 2019
| Date             : Thu Oct 19 12:24:14 2023
| Host             : myh-virtual-machine running 64-bit Ubuntu 18.04.6 LTS
| Command          : report_power -file system_top_power_routed.rpt -pb system_top_power_summary_routed.pb -rpx system_top_power_routed.rpx
| Design           : system_top
| Device           : xc7z020clg400-2
| Design State     : routed
| Grade            : commercial
| Process          : typical
| Characterization : Production
----------------------------------------------------------------------------------------------------------------------------------------------------

Power Report

Table of Contents
-----------------
1. Summary
1.1 On-Chip Components
1.2 Power Supply Summary
1.3 Confidence Level
2. Settings
2.1 Environment
2.2 Clock Constraints
3. Detailed Reports
3.1 By Hierarchy

1. Summary
----------

+--------------------------+--------------+
| Total On-Chip Power (W)  | 0.357        |
| Design Power Budget (W)  | Unspecified* |
| Power Budget Margin (W)  | NA           |
| Dynamic (W)              | 0.245        |
| Device Static (W)        | 0.111        |
| Effective TJA (C/W)      | 11.5         |
| Max Ambient (C)          | 80.9         |
| Junction Temperature (C) | 29.1         |
| Confidence Level         | Low          |
| Setting File             | ---          |
| Simulation Activity File | ---          |
| Design Nets Matched      | NA           |
+--------------------------+--------------+
* Specify Design Power Budget using, set_operating_conditions -design_power_budget <value in Watts>


1.1 On-Chip Components
----------------------

+--------------------------+-----------+----------+-----------+-----------------+
| On-Chip                  | Power (W) | Used     | Available | Utilization (%) |
+--------------------------+-----------+----------+-----------+-----------------+
| Clocks                   |     0.063 |        6 |       --- |             --- |
| Slice Logic              |     0.052 |    38547 |       --- |             --- |
|   LUT as Logic           |     0.041 |    10984 |     53200 |           20.65 |
|   CARRY4                 |     0.005 |     1535 |     13300 |           11.54 |
|   Register               |     0.004 |    20644 |    106400 |           19.40 |
|   LUT as Shift Register  |    <0.001 |      976 |     17400 |            5.61 |
|   LUT as Distributed RAM |    <0.001 |      120 |     17400 |            0.69 |
|   F7/F8 Muxes            |    <0.001 |       18 |     53200 |            0.03 |
|   Others                 |     0.000 |     1545 |       --- |             --- |
| Signals                  |     0.055 |    28882 |       --- |             --- |
| Block RAM                |     0.003 |        2 |       140 |            1.43 |
| DSPs                     |     0.028 |       72 |       220 |           32.73 |
| I/O                      |     0.045 |       65 |       125 |           52.00 |
| PS7                      |     0.000 |        1 |       --- |             --- |
| Static Power             |     0.111 |          |           |                 |
| Total                    |     0.357 |          |           |                 |
+--------------------------+-----------+----------+-----------+-----------------+


1.2 Power Supply Summary
------------------------

+-----------+-------------+-----------+-------------+------------+
| Source    | Voltage (V) | Total (A) | Dynamic (A) | Static (A) |
+-----------+-------------+-----------+-------------+------------+
| Vccint    |       1.000 |     0.210 |       0.201 |      0.008 |
| Vccaux    |       1.800 |     0.020 |       0.009 |      0.011 |
| Vcco33    |       3.300 |     0.006 |       0.005 |      0.001 |
| Vcco25    |       2.500 |     0.000 |       0.000 |      0.000 |
| Vcco18    |       1.800 |     0.006 |       0.005 |      0.001 |
| Vcco15    |       1.500 |     0.000 |       0.000 |      0.000 |
| Vcco135   |       1.350 |     0.000 |       0.000 |      0.000 |
| Vcco12    |       1.200 |     0.000 |       0.000 |      0.000 |
| Vccaux_io |       1.800 |     0.000 |       0.000 |      0.000 |
| Vccbram   |       1.000 |     0.001 |       0.000 |      0.001 |
| MGTAVcc   |       1.000 |     0.000 |       0.000 |      0.000 |
| MGTAVtt   |       1.200 |     0.000 |       0.000 |      0.000 |
| MGTVccaux |       1.800 |     0.000 |       0.000 |      0.000 |
| Vccpint   |       1.000 |     0.018 |       0.000 |      0.018 |
| Vccpaux   |       1.800 |     0.010 |       0.000 |      0.010 |
| Vccpll    |       1.800 |     0.003 |       0.000 |      0.003 |
| Vcco_ddr  |       1.500 |     0.000 |       0.000 |      0.000 |
| Vcco_mio0 |       1.800 |     0.000 |       0.000 |      0.000 |
| Vcco_mio1 |       1.800 |     0.000 |       0.000 |      0.000 |
| Vccadc    |       1.800 |     0.020 |       0.000 |      0.020 |
+-----------+-------------+-----------+-------------+------------+


1.3 Confidence Level
--------------------

+-----------------------------+------------+--------------------------------------------------------+------------------------------------------------------------------------------------------------------------+
| User Input Data             | Confidence | Details                                                | Action                                                                                                     |
+-----------------------------+------------+--------------------------------------------------------+------------------------------------------------------------------------------------------------------------+
| Design implementation state | High       | Design is routed                                       |                                                                                                            |
| Clock nodes activity        | High       | User specified more than 95% of clocks                 |                                                                                                            |
| I/O nodes activity          | Low        | More than 75% of inputs are missing user specification | Provide missing input activity with simulation results or by editing the "By Resource Type -> I/Os" view   |
| Internal nodes activity     | Medium     | User specified less than 25% of internal nodes         | Provide missing internal nodes activity with simulation results or by editing the "By Resource Type" views |
| Device models               | High       | Device models are Production                           |                                                                                                            |
|                             |            |                                                        |                                                                                                            |
| Overall confidence level    | Low        |                                                        |                                                                                                            |
+-----------------------------+------------+--------------------------------------------------------+------------------------------------------------------------------------------------------------------------+


2. Settings
-----------

2.1 Environment
---------------

+-----------------------+------------------------+
| Ambient Temp (C)      | 25.0                   |
| ThetaJA (C/W)         | 11.5                   |
| Airflow (LFM)         | 250                    |
| Heat Sink             | none                   |
| ThetaSA (C/W)         | 0.0                    |
| Board Selection       | medium (10"x10")       |
| # of Board Layers     | 8to11 (8 to 11 Layers) |
| Board Temperature (C) | 25.0                   |
+-----------------------+------------------------+


2.2 Clock Constraints
---------------------

+------------+---------------------------------------------------------------+-----------------+
| Clock      | Domain                                                        | Constraint (ns) |
+------------+---------------------------------------------------------------+-----------------+
| clk_fpga_0 | i_system_wrapper/system_i/sys_ps7/inst/FCLK_CLK_unbuffered[0] |            10.0 |
| clk_fpga_1 | i_system_wrapper/system_i/sys_ps7/inst/FCLK_CLK_unbuffered[1] |             5.0 |
| rx_clk     | rx_clk_in                                                     |            16.3 |
| spi0_clk   | i_system_wrapper/system_i/sys_ps7/inst/SPI0_SCLK_O            |            40.0 |
+------------+---------------------------------------------------------------+-----------------+


3. Detailed Reports
-------------------

3.1 By Hierarchy
----------------

+----------------------------+-----------+
| Name                       | Power (W) |
+----------------------------+-----------+
| system_top                 |     0.245 |
|   gpio_ctl_IOBUF[1]_inst   |     0.001 |
|   gpio_ctl_IOBUF[2]_inst   |     0.002 |
|   gpio_ctl_IOBUF[3]_inst   |     0.001 |
|   i_system_wrapper         |     0.218 |
|     system_i               |     0.218 |
|       axi_ad9361           |     0.164 |
|       axi_ad9361_adc_dma   |     0.007 |
|       axi_ad9361_dac_dma   |     0.006 |
|       axi_cpu_interconnect |     0.005 |
|       axi_iic_main         |     0.002 |
|       axi_spi              |     0.004 |
|       cpack                |     0.001 |
|       rx_fir_decimator     |     0.019 |
|       sys_ps7              |     0.002 |
|       tx_fir_interpolator  |     0.008 |
+----------------------------+-----------+


